c:\users\jemmanue\documents\dataons\isi\isi-c++advance\classwork\onsitework\d03solutions\libraryexercise\debug\vc142.pdb
c:\users\jemmanue\documents\dataons\isi\isi-c++advance\classwork\onsitework\d03solutions\libraryexercise\debug\vc142.idb
c:\users\jemmanue\documents\dataons\isi\isi-c++advance\classwork\onsitework\d03solutions\libraryexercise\debug\stringconversions.obj
c:\users\jemmanue\documents\dataons\isi\isi-c++advance\classwork\onsitework\d03solutions\libraryexercise\debug\main.obj
c:\users\jemmanue\documents\dataons\isi\isi-c++advance\classwork\onsitework\d03solutions\libraryexercise\debug\libraryitem.obj
c:\users\jemmanue\documents\dataons\isi\isi-c++advance\classwork\onsitework\d03solutions\libraryexercise\debug\librarycontroller.obj
c:\users\jemmanue\documents\dataons\isi\isi-c++advance\classwork\onsitework\d03solutions\libraryexercise\debug\disk.obj
c:\users\jemmanue\documents\dataons\isi\isi-c++advance\classwork\onsitework\d03solutions\libraryexercise\debug\date.obj
c:\users\jemmanue\documents\dataons\isi\isi-c++advance\classwork\onsitework\d03solutions\libraryexercise\debug\consolemenu.obj
c:\users\jemmanue\documents\dataons\isi\isi-c++advance\classwork\onsitework\d03solutions\libraryexercise\debug\consoleinput.obj
c:\users\jemmanue\documents\dataons\isi\isi-c++advance\classwork\onsitework\d03solutions\libraryexercise\debug\book.obj
c:\users\jemmanue\documents\dataons\isi\isi-c++advance\classwork\onsitework\d03solutions\libraryexercise\debug\library.obj
c:\users\jemmanue\documents\dataons\isi\isi-c++advance\classwork\onsitework\d03solutions\debug\libraryexercise.exe
c:\users\jemmanue\documents\dataons\isi\isi-c++advance\classwork\onsitework\d03solutions\debug\libraryexercise.ilk
c:\users\jemmanue\documents\dataons\isi\isi-c++advance\classwork\onsitework\d03solutions\debug\libraryexercise.pdb
c:\users\jemmanue\documents\dataons\isi\isi-c++advance\classwork\onsitework\d03solutions\libraryexercise\debug\libraryexercise.tlog\cl.command.1.tlog
c:\users\jemmanue\documents\dataons\isi\isi-c++advance\classwork\onsitework\d03solutions\libraryexercise\debug\libraryexercise.tlog\cl.read.1.tlog
c:\users\jemmanue\documents\dataons\isi\isi-c++advance\classwork\onsitework\d03solutions\libraryexercise\debug\libraryexercise.tlog\cl.write.1.tlog
c:\users\jemmanue\documents\dataons\isi\isi-c++advance\classwork\onsitework\d03solutions\libraryexercise\debug\libraryexercise.tlog\link.command.1.tlog
c:\users\jemmanue\documents\dataons\isi\isi-c++advance\classwork\onsitework\d03solutions\libraryexercise\debug\libraryexercise.tlog\link.read.1.tlog
c:\users\jemmanue\documents\dataons\isi\isi-c++advance\classwork\onsitework\d03solutions\libraryexercise\debug\libraryexercise.tlog\link.write.1.tlog
