c:\users\jemmanue\documents\dataons\isi\isi-c++advance\classwork\onsitework\d03solutions\josephd03exam\debug\vc142.pdb
c:\users\jemmanue\documents\dataons\isi\isi-c++advance\classwork\onsitework\d03solutions\josephd03exam\debug\vc142.idb
c:\users\jemmanue\documents\dataons\isi\isi-c++advance\classwork\onsitework\d03solutions\josephd03exam\debug\stringconversions.obj
c:\users\jemmanue\documents\dataons\isi\isi-c++advance\classwork\onsitework\d03solutions\josephd03exam\debug\date.obj
c:\users\jemmanue\documents\dataons\isi\isi-c++advance\classwork\onsitework\d03solutions\josephd03exam\debug\consolemenu.obj
c:\users\jemmanue\documents\dataons\isi\isi-c++advance\classwork\onsitework\d03solutions\josephd03exam\debug\consoleinput.obj
c:\users\jemmanue\documents\dataons\isi\isi-c++advance\classwork\onsitework\d03solutions\josephd03exam\debug\salariedemployee.obj
c:\users\jemmanue\documents\dataons\isi\isi-c++advance\classwork\onsitework\d03solutions\josephd03exam\debug\main.obj
c:\users\jemmanue\documents\dataons\isi\isi-c++advance\classwork\onsitework\d03solutions\josephd03exam\debug\companycontroller.obj
c:\users\jemmanue\documents\dataons\isi\isi-c++advance\classwork\onsitework\d03solutions\josephd03exam\debug\hourlyemployee.obj
c:\users\jemmanue\documents\dataons\isi\isi-c++advance\classwork\onsitework\d03solutions\josephd03exam\debug\employee.obj
c:\users\jemmanue\documents\dataons\isi\isi-c++advance\classwork\onsitework\d03solutions\josephd03exam\debug\company.obj
c:\users\jemmanue\documents\dataons\isi\isi-c++advance\classwork\onsitework\d03solutions\debug\josephd03exam.pdb
c:\users\jemmanue\documents\dataons\isi\isi-c++advance\classwork\onsitework\d03solutions\josephd03exam\debug\josephd03exam.tlog\cl.command.1.tlog
c:\users\jemmanue\documents\dataons\isi\isi-c++advance\classwork\onsitework\d03solutions\josephd03exam\debug\josephd03exam.tlog\cl.read.1.tlog
c:\users\jemmanue\documents\dataons\isi\isi-c++advance\classwork\onsitework\d03solutions\josephd03exam\debug\josephd03exam.tlog\cl.write.1.tlog
c:\users\jemmanue\documents\dataons\isi\isi-c++advance\classwork\onsitework\d03solutions\josephd03exam\debug\josephd03exam.tlog\link-cvtres.read.1.tlog
c:\users\jemmanue\documents\dataons\isi\isi-c++advance\classwork\onsitework\d03solutions\josephd03exam\debug\josephd03exam.tlog\link-cvtres.write.1.tlog
c:\users\jemmanue\documents\dataons\isi\isi-c++advance\classwork\onsitework\d03solutions\josephd03exam\debug\josephd03exam.tlog\link-rc.read.1.tlog
c:\users\jemmanue\documents\dataons\isi\isi-c++advance\classwork\onsitework\d03solutions\josephd03exam\debug\josephd03exam.tlog\link-rc.write.1.tlog
c:\users\jemmanue\documents\dataons\isi\isi-c++advance\classwork\onsitework\d03solutions\josephd03exam\debug\josephd03exam.tlog\link.command.1.tlog
c:\users\jemmanue\documents\dataons\isi\isi-c++advance\classwork\onsitework\d03solutions\josephd03exam\debug\josephd03exam.tlog\link.read.1.tlog
c:\users\jemmanue\documents\dataons\isi\isi-c++advance\classwork\onsitework\d03solutions\josephd03exam\debug\josephd03exam.tlog\link.write.1.tlog
