c:\users\jemmanue\documents\dataons\isi\isi-c++advance\classwork\onsitework\d03solutions\projectjosephrishab\debug\vc142.pdb
c:\users\jemmanue\documents\dataons\isi\isi-c++advance\classwork\onsitework\d03solutions\projectjosephrishab\debug\vc142.idb
c:\users\jemmanue\documents\dataons\isi\isi-c++advance\classwork\onsitework\d03solutions\projectjosephrishab\debug\product.obj
c:\users\jemmanue\documents\dataons\isi\isi-c++advance\classwork\onsitework\d03solutions\projectjosephrishab\debug\novel.obj
c:\users\jemmanue\documents\dataons\isi\isi-c++advance\classwork\onsitework\d03solutions\projectjosephrishab\debug\notebook.obj
c:\users\jemmanue\documents\dataons\isi\isi-c++advance\classwork\onsitework\d03solutions\projectjosephrishab\debug\merchant.obj
c:\users\jemmanue\documents\dataons\isi\isi-c++advance\classwork\onsitework\d03solutions\projectjosephrishab\debug\main.obj
c:\users\jemmanue\documents\dataons\isi\isi-c++advance\classwork\onsitework\d03solutions\projectjosephrishab\debug\magazine.obj
c:\users\jemmanue\documents\dataons\isi\isi-c++advance\classwork\onsitework\d03solutions\projectjosephrishab\debug\footwear.obj
c:\users\jemmanue\documents\dataons\isi\isi-c++advance\classwork\onsitework\d03solutions\projectjosephrishab\debug\disc.obj
c:\users\jemmanue\documents\dataons\isi\isi-c++advance\classwork\onsitework\d03solutions\projectjosephrishab\debug\consolemenu.obj
c:\users\jemmanue\documents\dataons\isi\isi-c++advance\classwork\onsitework\d03solutions\projectjosephrishab\debug\city.obj
c:\users\jemmanue\documents\dataons\isi\isi-c++advance\classwork\onsitework\d03solutions\projectjosephrishab\debug\book.obj
c:\users\jemmanue\documents\dataons\isi\isi-c++advance\classwork\onsitework\d03solutions\projectjosephrishab\debug\cd.obj
c:\users\jemmanue\documents\dataons\isi\isi-c++advance\classwork\onsitework\d03solutions\debug\projectjosephrishab.ilk
c:\users\jemmanue\documents\dataons\isi\isi-c++advance\classwork\onsitework\d03solutions\debug\projectjosephrishab.exe
c:\users\jemmanue\documents\dataons\isi\isi-c++advance\classwork\onsitework\d03solutions\debug\projectjosephrishab.pdb
c:\users\jemmanue\documents\dataons\isi\isi-c++advance\classwork\onsitework\d03solutions\projectjosephrishab\debug\projectj.b8ea7ef2.tlog\cl.command.1.tlog
c:\users\jemmanue\documents\dataons\isi\isi-c++advance\classwork\onsitework\d03solutions\projectjosephrishab\debug\projectj.b8ea7ef2.tlog\cl.read.1.tlog
c:\users\jemmanue\documents\dataons\isi\isi-c++advance\classwork\onsitework\d03solutions\projectjosephrishab\debug\projectj.b8ea7ef2.tlog\cl.write.1.tlog
c:\users\jemmanue\documents\dataons\isi\isi-c++advance\classwork\onsitework\d03solutions\projectjosephrishab\debug\projectj.b8ea7ef2.tlog\link.command.1.tlog
c:\users\jemmanue\documents\dataons\isi\isi-c++advance\classwork\onsitework\d03solutions\projectjosephrishab\debug\projectj.b8ea7ef2.tlog\link.read.1.tlog
c:\users\jemmanue\documents\dataons\isi\isi-c++advance\classwork\onsitework\d03solutions\projectjosephrishab\debug\projectj.b8ea7ef2.tlog\link.write.1.tlog
