2020-02-05 14:24:54,975 [Worker-3: Loading available Gradle versions] INFO  o.e.b.c.i.u.g.PublishedGradleVersions - Gradle version information cache is up-to-date. Trying to read.
2020-02-05 14:25:32,965 [Worker-11: Auto share git projects] ERROR org.eclipse.jgit.util.SystemReader - Creating XDG_CONFIG_HOME directory U:\.config failed
java.nio.file.FileSystemException: U:\: The filename, directory name, or volume label syntax is incorrect.

	at sun.nio.fs.WindowsException.translateToIOException(WindowsException.java:86) ~[na:1.8.0_241]
	at sun.nio.fs.WindowsException.rethrowAsIOException(WindowsException.java:97) ~[na:1.8.0_241]
	at sun.nio.fs.WindowsException.rethrowAsIOException(WindowsException.java:102) ~[na:1.8.0_241]
	at sun.nio.fs.WindowsFileSystemProvider.checkReadAccess(WindowsFileSystemProvider.java:338) ~[na:1.8.0_241]
	at sun.nio.fs.WindowsFileSystemProvider.checkAccess(WindowsFileSystemProvider.java:362) ~[na:1.8.0_241]
	at java.nio.file.Files.createDirectories(Files.java:746) ~[na:1.8.0_241]
	at org.eclipse.jgit.util.SystemReader$Default.getXDGConfigHome(SystemReader.java:153) [org.eclipse.jgit_5.6.0.201912101111-r.jar:5.6.0.201912101111-r]
	at org.eclipse.jgit.util.SystemReader$Default.openJGitConfig(SystemReader.java:164) [org.eclipse.jgit_5.6.0.201912101111-r.jar:5.6.0.201912101111-r]
	at org.eclipse.jgit.util.SystemReader.getJGitConfig(SystemReader.java:381) [org.eclipse.jgit_5.6.0.201912101111-r.jar:5.6.0.201912101111-r]
	at org.eclipse.jgit.util.SystemReader.getSystemConfig(SystemReader.java:406) [org.eclipse.jgit_5.6.0.201912101111-r.jar:5.6.0.201912101111-r]
	at org.eclipse.jgit.util.SystemReader.getUserConfig(SystemReader.java:354) [org.eclipse.jgit_5.6.0.201912101111-r.jar:5.6.0.201912101111-r]
	at org.eclipse.egit.core.Activator$EclipseSystemReader.getUserConfig(Activator.java:1177) [org.eclipse.egit.core_5.6.0.201912101111-r.jar:na]
	at org.eclipse.jgit.internal.storage.file.FileRepository.<init>(FileRepository.java:191) [org.eclipse.jgit_5.6.0.201912101111-r.jar:5.6.0.201912101111-r]
	at org.eclipse.egit.core.CachingRepository.<init>(CachingRepository.java:40) [org.eclipse.egit.core_5.6.0.201912101111-r.jar:na]
	at org.eclipse.egit.core.RepositoryCache$Builder.createRepository(RepositoryCache.java:211) [org.eclipse.egit.core_5.6.0.201912101111-r.jar:na]
	at org.eclipse.egit.core.RepositoryCache.lookupRepository(RepositoryCache.java:142) [org.eclipse.egit.core_5.6.0.201912101111-r.jar:na]
	at org.eclipse.egit.core.project.GitProjectData.map(GitProjectData.java:692) [org.eclipse.egit.core_5.6.0.201912101111-r.jar:na]
	at org.eclipse.egit.core.project.GitProjectData.remapAll(GitProjectData.java:650) [org.eclipse.egit.core_5.6.0.201912101111-r.jar:na]
	at org.eclipse.egit.core.project.GitProjectData.setRepositoryMappings(GitProjectData.java:464) [org.eclipse.egit.core_5.6.0.201912101111-r.jar:na]
	at org.eclipse.egit.core.op.ConnectProviderOperation.connectProject(ConnectProviderOperation.java:153) [org.eclipse.egit.core_5.6.0.201912101111-r.jar:na]
	at org.eclipse.egit.core.op.ConnectProviderOperation.execute(ConnectProviderOperation.java:111) [org.eclipse.egit.core_5.6.0.201912101111-r.jar:na]
	at org.eclipse.egit.core.internal.job.JobUtil$1.run(JobUtil.java:55) [org.eclipse.egit.core_5.6.0.201912101111-r.jar:na]
	at org.eclipse.core.internal.jobs.Worker.run(Worker.java:63) [org.eclipse.core.jobs_3.10.600.v20191122-2104.jar:na]
2020-02-05 14:25:36,171 [ForkJoinPool.commonPool-worker-1] ERROR org.eclipse.jgit.util.FS - Cannot save config file 'FileBasedConfig[U:\.jgitconfig]'
java.io.IOException: Creating directories for U:\ failed
	at org.eclipse.jgit.util.FileUtils.mkdirs(FileUtils.java:428) ~[org.eclipse.jgit_5.6.0.201912101111-r.jar:5.6.0.201912101111-r]
	at org.eclipse.jgit.internal.storage.file.LockFile.lock(LockFile.java:163) ~[org.eclipse.jgit_5.6.0.201912101111-r.jar:5.6.0.201912101111-r]
	at org.eclipse.jgit.storage.file.FileBasedConfig.save(FileBasedConfig.java:252) ~[org.eclipse.jgit_5.6.0.201912101111-r.jar:5.6.0.201912101111-r]
	at org.eclipse.jgit.util.FS$FileStoreAttributes.saveToConfig(FS.java:586) [org.eclipse.jgit_5.6.0.201912101111-r.jar:5.6.0.201912101111-r]
	at org.eclipse.jgit.util.FS$FileStoreAttributes.lambda$0(FS.java:367) [org.eclipse.jgit_5.6.0.201912101111-r.jar:5.6.0.201912101111-r]
	at java.util.concurrent.CompletableFuture$AsyncSupply.run(CompletableFuture.java:1604) ~[na:1.8.0_241]
	at java.util.concurrent.CompletableFuture$AsyncSupply.exec(CompletableFuture.java:1596) ~[na:1.8.0_241]
	at java.util.concurrent.ForkJoinTask.doExec(ForkJoinTask.java:289) ~[na:1.8.0_241]
	at java.util.concurrent.ForkJoinPool$WorkQueue.runTask(ForkJoinPool.java:1056) ~[na:1.8.0_241]
	at java.util.concurrent.ForkJoinPool.runWorker(ForkJoinPool.java:1692) ~[na:1.8.0_241]
	at java.util.concurrent.ForkJoinWorkerThread.run(ForkJoinWorkerThread.java:157) ~[na:1.8.0_241]
2020-02-06 01:17:42,646 [Worker-4: Loading available Gradle versions] INFO  o.e.b.c.i.u.g.PublishedGradleVersions - Gradle version information cache is up-to-date. Trying to read.
2020-02-09 15:41:59,396 [Worker-4: Loading available Gradle versions] INFO  o.e.b.c.i.u.g.PublishedGradleVersions - Gradle version information cache is out-of-date. Trying to update.
2020-02-09 15:42:01,705 [Worker-7: Refreshing workspace] ERROR org.eclipse.jgit.util.SystemReader - Creating XDG_CONFIG_HOME directory U:\.config failed
java.nio.file.FileSystemException: U:\: The filename, directory name, or volume label syntax is incorrect.

	at sun.nio.fs.WindowsException.translateToIOException(WindowsException.java:86) ~[na:1.8.0_241]
	at sun.nio.fs.WindowsException.rethrowAsIOException(WindowsException.java:97) ~[na:1.8.0_241]
	at sun.nio.fs.WindowsException.rethrowAsIOException(WindowsException.java:102) ~[na:1.8.0_241]
	at sun.nio.fs.WindowsFileSystemProvider.checkReadAccess(WindowsFileSystemProvider.java:338) ~[na:1.8.0_241]
	at sun.nio.fs.WindowsFileSystemProvider.checkAccess(WindowsFileSystemProvider.java:362) ~[na:1.8.0_241]
	at java.nio.file.Files.createDirectories(Files.java:746) ~[na:1.8.0_241]
	at org.eclipse.jgit.util.SystemReader$Default.getXDGConfigHome(SystemReader.java:153) [org.eclipse.jgit_5.6.0.201912101111-r.jar:5.6.0.201912101111-r]
	at org.eclipse.jgit.util.SystemReader$Default.openJGitConfig(SystemReader.java:164) [org.eclipse.jgit_5.6.0.201912101111-r.jar:5.6.0.201912101111-r]
	at org.eclipse.jgit.util.SystemReader.getJGitConfig(SystemReader.java:381) [org.eclipse.jgit_5.6.0.201912101111-r.jar:5.6.0.201912101111-r]
	at org.eclipse.jgit.util.SystemReader.getSystemConfig(SystemReader.java:406) [org.eclipse.jgit_5.6.0.201912101111-r.jar:5.6.0.201912101111-r]
	at org.eclipse.jgit.util.SystemReader.getUserConfig(SystemReader.java:354) [org.eclipse.jgit_5.6.0.201912101111-r.jar:5.6.0.201912101111-r]
	at org.eclipse.egit.core.Activator$EclipseSystemReader.getUserConfig(Activator.java:1177) [org.eclipse.egit.core_5.6.0.201912101111-r.jar:na]
	at org.eclipse.jgit.internal.storage.file.FileRepository.<init>(FileRepository.java:191) [org.eclipse.jgit_5.6.0.201912101111-r.jar:5.6.0.201912101111-r]
	at org.eclipse.egit.core.CachingRepository.<init>(CachingRepository.java:40) [org.eclipse.egit.core_5.6.0.201912101111-r.jar:na]
	at org.eclipse.egit.core.RepositoryCache$Builder.createRepository(RepositoryCache.java:211) [org.eclipse.egit.core_5.6.0.201912101111-r.jar:na]
	at org.eclipse.egit.core.RepositoryCache.lookupRepository(RepositoryCache.java:142) [org.eclipse.egit.core_5.6.0.201912101111-r.jar:na]
	at org.eclipse.egit.core.project.GitProjectData.map(GitProjectData.java:692) [org.eclipse.egit.core_5.6.0.201912101111-r.jar:na]
	at org.eclipse.egit.core.project.GitProjectData.remapAll(GitProjectData.java:650) [org.eclipse.egit.core_5.6.0.201912101111-r.jar:na]
	at org.eclipse.egit.core.project.GitProjectData.load(GitProjectData.java:633) [org.eclipse.egit.core_5.6.0.201912101111-r.jar:na]
	at org.eclipse.egit.core.project.GitProjectData.get(GitProjectData.java:219) [org.eclipse.egit.core_5.6.0.201912101111-r.jar:na]
	at org.eclipse.egit.core.GitProvider.getData(GitProvider.java:108) [org.eclipse.egit.core_5.6.0.201912101111-r.jar:na]
	at org.eclipse.egit.core.project.RepositoryMapping.getProjectData(RepositoryMapping.java:340) [org.eclipse.egit.core_5.6.0.201912101111-r.jar:na]
	at org.eclipse.egit.core.project.RepositoryMapping.findMapping(RepositoryMapping.java:356) [org.eclipse.egit.core_5.6.0.201912101111-r.jar:na]
	at org.eclipse.egit.core.project.RepositoryMapping.getMapping(RepositoryMapping.java:296) [org.eclipse.egit.core_5.6.0.201912101111-r.jar:na]
	at org.eclipse.egit.core.Activator$IgnoreDerivedResources$1.visit(Activator.java:888) [org.eclipse.egit.core_5.6.0.201912101111-r.jar:na]
	at org.eclipse.core.internal.events.ResourceDelta.accept(ResourceDelta.java:67) [org.eclipse.core.resources_3.13.600.v20191122-2104.jar:na]
	at org.eclipse.core.internal.events.ResourceDelta.accept(ResourceDelta.java:77) [org.eclipse.core.resources_3.13.600.v20191122-2104.jar:na]
	at org.eclipse.core.internal.events.ResourceDelta.accept(ResourceDelta.java:51) [org.eclipse.core.resources_3.13.600.v20191122-2104.jar:na]
	at org.eclipse.egit.core.Activator$IgnoreDerivedResources.resourceChanged(Activator.java:872) [org.eclipse.egit.core_5.6.0.201912101111-r.jar:na]
	at org.eclipse.core.internal.events.NotificationManager$1.run(NotificationManager.java:305) [org.eclipse.core.resources_3.13.600.v20191122-2104.jar:na]
	at org.eclipse.core.runtime.SafeRunner.run(SafeRunner.java:45) [org.eclipse.equinox.common_3.10.600.v20191004-1420.jar:na]
	at org.eclipse.core.internal.events.NotificationManager.notify(NotificationManager.java:295) [org.eclipse.core.resources_3.13.600.v20191122-2104.jar:na]
	at org.eclipse.core.internal.events.NotificationManager.broadcastChanges(NotificationManager.java:158) [org.eclipse.core.resources_3.13.600.v20191122-2104.jar:na]
	at org.eclipse.core.internal.resources.Workspace.broadcastPostChange(Workspace.java:380) [org.eclipse.core.resources_3.13.600.v20191122-2104.jar:na]
	at org.eclipse.core.internal.resources.Workspace.endOperation(Workspace.java:1502) [org.eclipse.core.resources_3.13.600.v20191122-2104.jar:na]
	at org.eclipse.core.internal.resources.InternalWorkspaceJob.run(InternalWorkspaceJob.java:49) [org.eclipse.core.resources_3.13.600.v20191122-2104.jar:na]
	at org.eclipse.core.internal.jobs.Worker.run(Worker.java:63) [org.eclipse.core.jobs_3.10.600.v20191122-2104.jar:na]
2020-02-09 15:42:05,018 [ForkJoinPool.commonPool-worker-1] ERROR org.eclipse.jgit.util.FS - Cannot save config file 'FileBasedConfig[U:\.jgitconfig]'
java.io.IOException: Creating directories for U:\ failed
	at org.eclipse.jgit.util.FileUtils.mkdirs(FileUtils.java:428) ~[org.eclipse.jgit_5.6.0.201912101111-r.jar:5.6.0.201912101111-r]
	at org.eclipse.jgit.internal.storage.file.LockFile.lock(LockFile.java:163) ~[org.eclipse.jgit_5.6.0.201912101111-r.jar:5.6.0.201912101111-r]
	at org.eclipse.jgit.storage.file.FileBasedConfig.save(FileBasedConfig.java:252) ~[org.eclipse.jgit_5.6.0.201912101111-r.jar:5.6.0.201912101111-r]
	at org.eclipse.jgit.util.FS$FileStoreAttributes.saveToConfig(FS.java:586) [org.eclipse.jgit_5.6.0.201912101111-r.jar:5.6.0.201912101111-r]
	at org.eclipse.jgit.util.FS$FileStoreAttributes.lambda$0(FS.java:367) [org.eclipse.jgit_5.6.0.201912101111-r.jar:5.6.0.201912101111-r]
	at java.util.concurrent.CompletableFuture$AsyncSupply.run(CompletableFuture.java:1604) ~[na:1.8.0_241]
	at java.util.concurrent.CompletableFuture$AsyncSupply.exec(CompletableFuture.java:1596) ~[na:1.8.0_241]
	at java.util.concurrent.ForkJoinTask.doExec(ForkJoinTask.java:289) ~[na:1.8.0_241]
	at java.util.concurrent.ForkJoinPool$WorkQueue.runTask(ForkJoinPool.java:1056) ~[na:1.8.0_241]
	at java.util.concurrent.ForkJoinPool.runWorker(ForkJoinPool.java:1692) ~[na:1.8.0_241]
	at java.util.concurrent.ForkJoinWorkerThread.run(ForkJoinWorkerThread.java:157) ~[na:1.8.0_241]
